Using pre-set license
Built from '2020.3/staging' branch; Version is '2020.3.17f1 (a4537701e4ab) revision 10769271'; Using compiler version '192528614'; Build Type 'Release'
OS: 'Windows 10 Home; OS build 19042.1415; Version 2009; 64bit' Language: 'en' Physical Memory: 15732 MB
BatchMode: 1, IsHumanControllingUs: 0, StartBugReporterOnCrash: 0, Is64bit: 1, IsPro: 0

COMMAND LINE ARGUMENTS:
C:\Program Files\Unity\Hub\Editor\2020.3.17f1\Editor\Unity.exe
-adb2
-batchMode
-noUpm
-name
AssetImportWorker0
-projectPath
C:/Users/marti/Spiltek/1. semester/Projekt/1._semesterprojekt/1. semesterprojekt - Sortering
-logFile
Logs/AssetImportWorker0.log
-srvPort
59282
Successfully changed project path to: C:/Users/marti/Spiltek/1. semester/Projekt/1._semesterprojekt/1. semesterprojekt - Sortering
C:/Users/marti/Spiltek/1. semester/Projekt/1._semesterprojekt/1. semesterprojekt - Sortering
Using Asset Import Pipeline V2.
Refreshing native plugins compatible for Editor in 44.10 ms, found 3 plugins.
Preloading 0 native plugins for Editor in 0.00 ms.
Initialize engine version: 2020.3.17f1 (a4537701e4ab)
[Subsystems] Discovering subsystems at path C:/Program Files/Unity/Hub/Editor/2020.3.17f1/Editor/Data/Resources/UnitySubsystems
[Subsystems] Discovering subsystems at path C:/Users/marti/Spiltek/1. semester/Projekt/1._semesterprojekt/1. semesterprojekt - Sortering/Assets
GfxDevice: creating device client; threaded=0
Direct3D:
    Version:  Direct3D 11.0 [level 11.1]
    Renderer: NVIDIA GeForce RTX 3060 Laptop GPU (ID=0x2520)
    Vendor:   
    VRAM:     6023 MB
    Driver:   30.0.14.9709
Initialize mono
Mono path[0] = 'C:/Program Files/Unity/Hub/Editor/2020.3.17f1/Editor/Data/Managed'
Mono path[1] = 'C:/Program Files/Unity/Hub/Editor/2020.3.17f1/Editor/Data/MonoBleedingEdge/lib/mono/unityjit'
Mono config path = 'C:/Program Files/Unity/Hub/Editor/2020.3.17f1/Editor/Data/MonoBleedingEdge/etc'
Using monoOptions --debugger-agent=transport=dt_socket,embedding=1,server=y,suspend=n,address=127.0.0.1:56760
Begin MonoManager ReloadAssembly
Registering precompiled unity dll's ...
Register platform support module: C:/Program Files/Unity/Hub/Editor/2020.3.17f1/Editor/Data/PlaybackEngines/WindowsStandaloneSupport/UnityEditor.WindowsStandalone.Extensions.dll
Registered in 0.001770 seconds.
Native extension for WindowsStandalone target not found
Refreshing native plugins compatible for Editor in 36.43 ms, found 3 plugins.
Preloading 0 native plugins for Editor in 0.00 ms.
Mono: successfully reloaded assembly
- Completed reload, in  0.966 seconds
Domain Reload Profiling:
	ReloadAssembly (966ms)
		BeginReloadAssembly (54ms)
			ExecutionOrderSort (0ms)
			DisableScriptedObjects (0ms)
			BackupInstance (0ms)
			ReleaseScriptingObjects (0ms)
			CreateAndSetChildDomain (1ms)
		EndReloadAssembly (353ms)
			LoadAssemblies (52ms)
			RebuildTransferFunctionScriptingTraits (0ms)
			SetupTypeCache (125ms)
			ReleaseScriptCaches (0ms)
			RebuildScriptCaches (22ms)
			SetupLoadedEditorAssemblies (144ms)
				LogAssemblyErrors (0ms)
				InitializePlatformSupportModulesInManaged (4ms)
				SetLoadedEditorAssemblies (0ms)
				RefreshPlugins (37ms)
				BeforeProcessingInitializeOnLoad (14ms)
				ProcessInitializeOnLoadAttributes (66ms)
				ProcessInitializeOnLoadMethodAttributes (24ms)
				AfterProcessingInitializeOnLoad (0ms)
				EditorAssembliesLoaded (0ms)
			ExecutionOrderSort2 (0ms)
			AwakeInstancesAfterBackupRestoration (0ms)
Platform modules already initialized, skipping
Registering precompiled user dll's ...
Registered in 0.002937 seconds.
Begin MonoManager ReloadAssembly
Symbol file data-0000021006427010 doesn't match image C:\Users\marti\Spiltek\1. semester\Projekt\1._semesterprojekt\1. semesterprojekt - Sortering\Library\ScriptAssemblies\Unity.2D.Animation.Editor.dll
Symbol file LoadedFromMemory is not a mono symbol file
Symbol file data-0000021002476710 doesn't match image C:\Users\marti\Spiltek\1. semester\Projekt\1._semesterprojekt\1. semesterprojekt - Sortering\Library\ScriptAssemblies\Unity.InternalAPIEngineBridge.001.dll
Symbol file LoadedFromMemory is not a mono symbol file
Symbol file data-00000210062C1750 doesn't match image C:\Users\marti\Spiltek\1. semester\Projekt\1._semesterprojekt\1. semesterprojekt - Sortering\Library\ScriptAssemblies\Unity.VSCode.Editor.dll
Symbol file LoadedFromMemory is not a mono symbol file
Symbol file data-0000021002B07270 doesn't match image C:\Users\marti\Spiltek\1. semester\Projekt\1._semesterprojekt\1. semesterprojekt - Sortering\Library\ScriptAssemblies\Unity.2D.PixelPerfect.dll
Symbol file LoadedFromMemory is not a mono symbol file
Symbol file data-0000021002A6BE10 doesn't match image C:\Users\marti\Spiltek\1. semester\Projekt\1._semesterprojekt\1. semesterprojekt - Sortering\Library\ScriptAssemblies\Unity.2D.Tilemap.Editor.dll
Symbol file LoadedFromMemory is not a mono symbol file
Symbol file data-0000021002A58690 doesn't match image C:\Users\marti\Spiltek\1. semester\Projekt\1._semesterprojekt\1. semesterprojekt - Sortering\Library\ScriptAssemblies\PsdPlugin.dll
Symbol file LoadedFromMemory is not a mono symbol file
Symbol file data-000002100260F850 doesn't match image C:\Users\marti\Spiltek\1. semester\Projekt\1._semesterprojekt\1. semesterprojekt - Sortering\Library\ScriptAssemblies\Unity.TextMeshPro.Editor.dll
Symbol file LoadedFromMemory is not a mono symbol file
Symbol file data-0000021007CB4020 doesn't match image C:\Users\marti\Spiltek\1. semester\Projekt\1._semesterprojekt\1. semesterprojekt - Sortering\Library\ScriptAssemblies\Unity.VisualStudio.Editor.dll
Symbol file LoadedFromMemory is not a mono symbol file
Symbol file data-0000021006E739D0 doesn't match image C:\Users\marti\Spiltek\1. semester\Projekt\1._semesterprojekt\1. semesterprojekt - Sortering\Library\ScriptAssemblies\UnityEngine.TestRunner.dll
Symbol file LoadedFromMemory is not a mono symbol file
Symbol file data-0000021002625060 doesn't match image C:\Users\marti\Spiltek\1. semester\Projekt\1._semesterprojekt\1. semesterprojekt - Sortering\Library\ScriptAssemblies\Unity.Timeline.dll
Symbol file LoadedFromMemory is not a mono symbol file
Symbol file data-00000210070179E0 doesn't match image C:\Users\marti\Spiltek\1. semester\Projekt\1._semesterprojekt\1. semesterprojekt - Sortering\Library\ScriptAssemblies\Unity.TextMeshPro.dll
Symbol file LoadedFromMemory is not a mono symbol file
Symbol file data-0000021007045BF0 doesn't match image C:\Users\marti\Spiltek\1. semester\Projekt\1._semesterprojekt\1. semesterprojekt - Sortering\Library\ScriptAssemblies\UnityEditor.TestRunner.dll
Symbol file LoadedFromMemory is not a mono symbol file
Symbol file data-0000021007D21C20 doesn't match image C:\Users\marti\Spiltek\1. semester\Projekt\1._semesterprojekt\1. semesterprojekt - Sortering\Library\ScriptAssemblies\Unity.2D.IK.Editor.dll
Symbol file LoadedFromMemory is not a mono symbol file
Symbol file data-0000021002625060 doesn't match image C:\Users\marti\Spiltek\1. semester\Projekt\1._semesterprojekt\1. semesterprojekt - Sortering\Library\ScriptAssemblies\Unity.2D.Sprite.Editor.dll
Symbol file LoadedFromMemory is not a mono symbol file
Symbol file data-0000021002F63110 doesn't match image C:\Users\marti\Spiltek\1. semester\Projekt\1._semesterprojekt\1. semesterprojekt - Sortering\Library\ScriptAssemblies\Unity.2D.Psdimporter.Editor.dll
Symbol file LoadedFromMemory is not a mono symbol file
Symbol file data-0000021002A7F020 doesn't match image C:\Users\marti\Spiltek\1. semester\Projekt\1._semesterprojekt\1. semesterprojekt - Sortering\Library\ScriptAssemblies\Unity.2D.Path.Editor.dll
Symbol file LoadedFromMemory is not a mono symbol file
Symbol file data-00000210028704F0 doesn't match image C:\Users\marti\Spiltek\1. semester\Projekt\1._semesterprojekt\1. semesterprojekt - Sortering\Library\ScriptAssemblies\Unity.InternalAPIEditorBridge.001.dll
Symbol file LoadedFromMemory is not a mono symbol file
Symbol file data-0000021002F63110 doesn't match image C:\Users\marti\Spiltek\1. semester\Projekt\1._semesterprojekt\1. semesterprojekt - Sortering\Library\ScriptAssemblies\UnityEditor.UI.dll
Symbol file LoadedFromMemory is not a mono symbol file
Symbol file data-00000210070D9700 doesn't match image C:\Users\marti\Spiltek\1. semester\Projekt\1._semesterprojekt\1. semesterprojekt - Sortering\Library\ScriptAssemblies\Unity.PlasticSCM.Editor.dll
Symbol file LoadedFromMemory is not a mono symbol file
Symbol file data-0000021002F63110 doesn't match image C:\Users\marti\Spiltek\1. semester\Projekt\1._semesterprojekt\1. semesterprojekt - Sortering\Library\ScriptAssemblies\Unity.Rider.Editor.dll
Symbol file LoadedFromMemory is not a mono symbol file
Symbol file data-00000210070EB310 doesn't match image C:\Users\marti\Spiltek\1. semester\Projekt\1._semesterprojekt\1. semesterprojekt - Sortering\Library\ScriptAssemblies\UnityEngine.UI.dll
Symbol file LoadedFromMemory is not a mono symbol file
Symbol file data-0000021007A10EA0 doesn't match image C:\Users\marti\Spiltek\1. semester\Projekt\1._semesterprojekt\1. semesterprojekt - Sortering\Library\ScriptAssemblies\Unity.Mathematics.dll
Symbol file LoadedFromMemory is not a mono symbol file
Symbol file data-0000021006E7B9E0 doesn't match image C:\Users\marti\Spiltek\1. semester\Projekt\1._semesterprojekt\1. semesterprojekt - Sortering\Library\ScriptAssemblies\Unity.2D.IK.Runtime.dll
Symbol file LoadedFromMemory is not a mono symbol file
Symbol file data-0000021002CCF620 doesn't match image C:\Users\marti\Spiltek\1. semester\Projekt\1._semesterprojekt\1. semesterprojekt - Sortering\Library\ScriptAssemblies\Unity.2D.Animation.Triangle.Runtime.dll
Symbol file LoadedFromMemory is not a mono symbol file
Symbol file data-00000210027DAF00 doesn't match image C:\Users\marti\Spiltek\1. semester\Projekt\1._semesterprojekt\1. semesterprojekt - Sortering\Library\ScriptAssemblies\Unity.2D.Animation.Runtime.dll
Symbol file LoadedFromMemory is not a mono symbol file
Symbol file data-00000210027CD380 doesn't match image C:\Users\marti\Spiltek\1. semester\Projekt\1._semesterprojekt\1. semesterprojekt - Sortering\Library\ScriptAssemblies\Unity.2D.PixelPerfect.Editor.dll
Symbol file LoadedFromMemory is not a mono symbol file
Symbol file data-00000210075C0080 doesn't match image C:\Users\marti\Spiltek\1. semester\Projekt\1._semesterprojekt\1. semesterprojekt - Sortering\Library\ScriptAssemblies\Unity.Timeline.Editor.dll
Symbol file LoadedFromMemory is not a mono symbol file
Symbol file data-0000021006F90E40 doesn't match image C:\Users\marti\Spiltek\1. semester\Projekt\1._semesterprojekt\1. semesterprojekt - Sortering\Library\ScriptAssemblies\Unity.CollabProxy.Editor.dll
Symbol file LoadedFromMemory is not a mono symbol file
Symbol file data-0000021002AF5E20 doesn't match image C:\Users\marti\Spiltek\1. semester\Projekt\1._semesterprojekt\1. semesterprojekt - Sortering\Library\ScriptAssemblies\Unity.Mathematics.Editor.dll
Symbol file LoadedFromMemory is not a mono symbol file
Symbol file data-0000021002A3ED30 doesn't match image C:\Users\marti\Spiltek\1. semester\Projekt\1._semesterprojekt\1. semesterprojekt - Sortering\Library\ScriptAssemblies\Unity.2D.Common.Runtime.dll
Symbol file LoadedFromMemory is not a mono symbol file
Symbol file data-00000210075FA4A0 doesn't match image C:\Users\marti\Spiltek\1. semester\Projekt\1._semesterprojekt\1. semesterprojekt - Sortering\Library\ScriptAssemblies\Unity.2D.SpriteShape.Editor.dll
Symbol file LoadedFromMemory is not a mono symbol file
Symbol file data-0000021006E7B9E0 doesn't match image C:\Users\marti\Spiltek\1. semester\Projekt\1._semesterprojekt\1. semesterprojekt - Sortering\Library\ScriptAssemblies\Unity.2D.Common.Editor.dll
Symbol file LoadedFromMemory is not a mono symbol file
Symbol file data-0000021006F90E40 doesn't match image C:\Users\marti\Spiltek\1. semester\Projekt\1._semesterprojekt\1. semesterprojekt - Sortering\Library\ScriptAssemblies\Unity.2D.SpriteShape.Runtime.dll
Symbol file LoadedFromMemory is not a mono symbol file
Native extension for WindowsStandalone target not found
Refreshing native plugins compatible for Editor in 36.67 ms, found 3 plugins.
Preloading 0 native plugins for Editor in 0.00 ms.
Mono: successfully reloaded assembly
- Completed reload, in  0.926 seconds
Domain Reload Profiling:
	ReloadAssembly (927ms)
		BeginReloadAssembly (119ms)
			ExecutionOrderSort (0ms)
			DisableScriptedObjects (4ms)
			BackupInstance (0ms)
			ReleaseScriptingObjects (0ms)
			CreateAndSetChildDomain (19ms)
		EndReloadAssembly (755ms)
			LoadAssemblies (81ms)
			RebuildTransferFunctionScriptingTraits (0ms)
			SetupTypeCache (231ms)
			ReleaseScriptCaches (1ms)
			RebuildScriptCaches (37ms)
			SetupLoadedEditorAssemblies (310ms)
				LogAssemblyErrors (0ms)
				InitializePlatformSupportModulesInManaged (4ms)
				SetLoadedEditorAssemblies (0ms)
				RefreshPlugins (37ms)
				BeforeProcessingInitializeOnLoad (74ms)
				ProcessInitializeOnLoadAttributes (179ms)
				ProcessInitializeOnLoadMethodAttributes (11ms)
				AfterProcessingInitializeOnLoad (5ms)
				EditorAssembliesLoaded (0ms)
			ExecutionOrderSort2 (0ms)
			AwakeInstancesAfterBackupRestoration (6ms)
Platform modules already initialized, skipping
========================================================================
Worker process is ready to serve import requests
Launched and connected shader compiler UnityShaderCompiler.exe after 0.05 seconds
Refreshing native plugins compatible for Editor in 0.47 ms, found 3 plugins.
Preloading 0 native plugins for Editor in 0.00 ms.
Unloading 2106 Unused Serialized files (Serialized files now loaded: 0)
System memory in use before: 94.4 MB.
System memory in use after: 94.5 MB.

Unloading 26 unused Assets to reduce memory usage. Loaded Objects now: 2547.
Total: 3.624300 ms (FindLiveObjects: 0.280600 ms CreateObjectMapping: 0.059500 ms MarkObjects: 3.220000 ms  DeleteObjects: 0.063400 ms)

AssetImportParameters requested are different than current active one (requested -> active):
  custom:framework-win-MediaFoundation: 216162199b28c13a410421893ffa2e32 -> 
  custom:video-decoder-ogg-theora: a1e56fd34408186e4bbccfd4996cb3dc -> 
  custom:container-muxer-webm: aa71ff27fc2769a1b78a27578f13a17b -> 
  custom:container-demuxer-webm: 4f35f7cbe854078d1ac9338744f61a02 -> 
  custom:container-demuxer-ogg: 62fdf1f143b41e24485cea50d1cbac27 -> 
  custom:video-encoder-webm-vp8: eb34c28f22e8b96e1ab97ce403110664 -> 
  custom:video-codec-MediaFoundation-h265: 746d11721c4dcdbdad8f713fa42b33f4 -> 
  custom:video-decoder-webm-vp8: 9c59270c3fd7afecdb556c50c9e8de78 -> 
  custom:audio-decoder-ogg-vorbis: bf7c407c2cedff20999df2af8eb42d56 -> 
  custom:audio-encoder-webm-vorbis: bf7c407c2cedff20999df2af8eb42d56 -> 
========================================================================
Received Import Request.
  path: Assets/GameMixer.mixer
  artifactKey: Guid(a45ed2e812678cb42a6b035e778bb7cc) Importer(815301076,1909f56bfc062723c751e8b465ee728b)
Start importing Assets/GameMixer.mixer using Guid(a45ed2e812678cb42a6b035e778bb7cc) Importer(815301076,1909f56bfc062723c751e8b465ee728b)  -> (artifact id: '7c3887921b8797d988dc9e095d3d1e85') in 0.037299 seconds 
  Import took 0.040710 seconds .

AssetImportWorkerClient::OnTransportError - code=2 error=End of file
